<?xml version="1.0" encoding="UTF-8"?>
<testsuite name="calculator.calculatorTest" tests="4" skipped="0" failures="0" errors="0" timestamp="2019-12-03T13:15:26" hostname="recruit-Lenovo-Product" time="0.025">
  <properties/>
  <testcase name="addMultiple()" classname="calculator.calculatorTest" time="0.017"/>
  <testcase name="add()" classname="calculator.calculatorTest" time="0.001"/>
  <testcase name="multiply()" classname="calculator.calculatorTest" time="0.001"/>
  <testcase name="moreMultiple()" classname="calculator.calculatorTest" time="0.001"/>
  <system-out><![CDATA[8
5
6
9
]]></system-out>
  <system-err><![CDATA[]]></system-err>
</testsuite>
